This is pdfTeXk, Version 3.141592-1.40.3 (Web2C 7.5.6) (format=latex 2008.5.12)  18 FEB 2009 13:43
entering extended mode
 %&-line parsing enabled.
**stream_spec.tex
(./stream_spec.tex
LaTeX2e <2005/12/01>
Babel <v3.8h> and hyphenation patterns for english, usenglishmax, dumylang, noh
yphenation, arabic, basque, bulgarian, coptic, welsh, czech, slovak, german, ng
erman, danish, esperanto, spanish, catalan, galician, estonian, farsi, finnish,
 french, greek, monogreek, ancientgreek, croatian, hungarian, interlingua, ibyc
us, indonesian, icelandic, italian, latin, mongolian, dutch, norsk, polish, por
tuguese, pinyin, romanian, russian, slovenian, uppersorbian, serbian, swedish,
turkish, ukenglish, ukrainian, loaded.
! Undefined control sequence.
l.373 \section
              {Introduction}
? X

Here is how much of TeX's memory you used:
 5 strings out of 94074
 155 string characters out of 917095
 48804 words of memory out of 1500000
 3390 multiletter control sequences out of 10000+25000
 3640 words of font info for 14 fonts, out of 1200000 for 2000
 645 hyphenation exceptions out of 8191
 5i,0n,1p,173b,8s stack positions out of 5000i,500n,6000p,200000b,10000s
No pages of output.
